<?xml version="1.0" encoding="UTF-8"?>
<!-- Generated by org.testng.reporters.JUnitXMLReporter -->
<testsuite ignored="0" hostname="DESKTOP-4BCKCKB" failures="1" tests="1" name="Test" time="31.427" errors="0" timestamp="2023-12-25T11:04:44 IST">
  <testcase classname="Testcases.TC2_SignInAccountPage" name="verifylogin" time="6.736">
    <failure type="java.lang.AssertionError" message="expected [true] but found [false]">
      <![CDATA[java.lang.AssertionError: expected [true] but found [false]
at Testcases.TC2_SignInAccountPage.verifylogin(TC2_SignInAccountPage.java:47)
at java.base/java.util.ArrayList.forEach(ArrayList.java:1596)
... Removed 29 stack frames]]>
    </failure>
  </testcase> <!-- verifylogin -->
</testsuite> <!-- Test -->
